Removed Pin From Net: NetName=VIN Pin=U2-1
Removed Pin From Net: NetName=GPIO33 Pin=U2-9
Removed Pin From Net: NetName=GPIO32 Pin=U2-10
Removed Pin From Net: NetName=GPIO35 Pin=U2-11
Removed Pin From Net: NetName=GPIO34 Pin=U2-12
Removed Pin From Net: NetName=GPIO39 Pin=U2-13
Removed Pin From Net: NetName=VCCS Pin=U2-16
Removed Pin From Net: NetName=GND Pin=U2-17
Removed Pin From Net: NetName=SDAS Pin=U2-26
Removed Pin From Net: NetName=GPIO3 Pin=U2-27
Removed Pin From Net: NetName=GPIO1 Pin=U2-28
Removed Pin From Net: NetName=SCLS Pin=U2-29
Change Component Footprint: Designator=U2 Old Footprint=ESP32 New Footprint=MODULE_ESP32_DEVKIT_V1
Change Component Comment : Designator=U2 Old Comment=ESP32-DEVKITC-32D New Comment=ESP32-DEVKIT-V1
Change component parameters: Designator = "U2" ("U2"); Footprint = "ESP32"; UniqueID = "\JEXMMSMP" ("\JEXMMSMP")
Change component parameters (AddParameter): Name = "Availability"; Value = "Unavailable"; VariantName = "[No Variations]"
Change component parameters (AddParameter): Name = "MF"; Value = ""; VariantName = "[No Variations]"
Change component parameters (AddParameter): Name = "MP"; Value = "ESP32-DEVKIT-V1"; VariantName = "[No Variations]"
Change component parameters (AddParameter): Name = "Package"; Value = "None"; VariantName = "[No Variations]"
Change component parameters (AddParameter): Name = "Price"; Value = "None"; VariantName = "[No Variations]"
Change component parameters (AddParameter): Name = "Value"; Value = ""; VariantName = "[No Variations]"
Added Pin To Net: NetName=VCCS Pin=U2-1
Added Pin To Net: NetName=SDAS Pin=U2-11
Added Pin To Net: NetName=GPIO3 Pin=U2-12
Added Pin To Net: NetName=GPIO1 Pin=U2-13
Added Pin To Net: NetName=SCLS Pin=U2-14
Added Pin To Net: NetName=GPIO39 Pin=U2-18
Added Pin To Net: NetName=GPIO34 Pin=U2-19
Added Pin To Net: NetName=GPIO35 Pin=U2-20
Added Pin To Net: NetName=GPIO32 Pin=U2-21
Added Pin To Net: NetName=GPIO33 Pin=U2-22
Added Pin To Net: NetName=GND Pin=U2-29
Added Pin To Net: NetName=VIN Pin=U2-30
Added Member To Class: ClassName=Sensor_compartment_Schematic Member=Component U2 ESP32-DEVKIT-V1
Added Room: Name=Sensor_compartment_Schematic
