Removed Pin From Net: NetName=VIN Pin=U2-1
Removed Pin From Net: NetName=GND Pin=U2-2
Removed Pin From Net: NetName=GPIO33 Pin=U2-9
Removed Pin From Net: NetName=GPIO32 Pin=U2-10
Removed Pin From Net: NetName=GPIO35 Pin=U2-11
Removed Pin From Net: NetName=GPIO34 Pin=U2-12
Removed Pin From Net: NetName=GPIO39 Pin=U2-13
Removed Pin From Net: NetName=VCCS Pin=U2-16
Removed Pin From Net: NetName=GND Pin=U2-17
Removed Pin From Net: NetName=SDAS Pin=U2-26
Removed Pin From Net: NetName=GPIO3 Pin=U2-27
Removed Pin From Net: NetName=GPIO1 Pin=U2-28
Removed Pin From Net: NetName=SCLS Pin=U2-29
Added Component: Designator=U2(ESP32)
Add component (AddParameter): Name = "Availability"; Value = "Unavailable"; VariantName = "[No Variations]"
Add component (AddParameter): Name = "MF"; Value = ""; VariantName = "[No Variations]"
Add component (AddParameter): Name = "MP"; Value = "ESP32-DEVKITC-32D"; VariantName = "[No Variations]"
Add component (AddParameter): Name = "Package"; Value = "None"; VariantName = "[No Variations]"
Add component (AddParameter): Name = "Price"; Value = "None"; VariantName = "[No Variations]"
Add component (AddParameter): Name = "Value"; Value = ""; VariantName = "[No Variations]"
Added Pin To Net: NetName=VIN Pin=U2-1
Added Pin To Net: NetName=GND Pin=U2-2
Added Pin To Net: NetName=GPIO33 Pin=U2-9
Added Pin To Net: NetName=GPIO32 Pin=U2-10
Added Pin To Net: NetName=GPIO35 Pin=U2-11
Added Pin To Net: NetName=GPIO34 Pin=U2-12
Added Pin To Net: NetName=GPIO39 Pin=U2-13
Added Pin To Net: NetName=VCCS Pin=U2-16
Added Pin To Net: NetName=GND Pin=U2-17
Added Pin To Net: NetName=SDAS Pin=U2-26
Added Pin To Net: NetName=GPIO3 Pin=U2-27
Added Pin To Net: NetName=GPIO1 Pin=U2-28
Added Pin To Net: NetName=SCLS Pin=U2-29
Added Room: Name=Sensor_compartment_Schematic
